{"numTotalTestSuites":2,"numPassedTestSuites":0,"numFailedTestSuites":2,"numPendingTestSuites":0,"numTotalTests":3,"numPassedTests":0,"numFailedTests":3,"numPendingTests":0,"numTodoTests":0,"snapshot":{"added":0,"failure":false,"filesAdded":0,"filesRemoved":0,"filesRemovedList":[],"filesUnmatched":0,"filesUpdated":0,"matched":0,"total":0,"unchecked":0,"uncheckedKeysByFile":[],"unmatched":0,"updated":0,"didUpdate":false},"startTime":1753671748291,"success":false,"testResults":[{"assertionResults":[{"ancestorTitles":["Customer Invitation Feature - API Test"],"fullName":"Customer Invitation Feature - API Test should verify invitation API endpoints are working (regression test)","status":"failed","title":"should verify invitation API endpoints are working (regression test)","duration":1763.5967,"failureMessages":["TypeError: Failed to fetch\n    at evaluate (evaluate at C:\\Users\\drmwe\\claude-workspace\\mealplan\\FitnessMealPlanner\\test\\gui\\specs\\customer-invitation-simple.test.ts:29:41, <anonymous>:1:29)\n    at ExecutionContext.#evaluate (file:///C:/Users/drmwe/claude-workspace/MealPlan/FitnessMealPlanner/node_modules/puppeteer-core/src/cdp/ExecutionContext.ts:452:13)\n    at ExecutionContext.evaluate (file:///C:/Users/drmwe/claude-workspace/MealPlan/FitnessMealPlanner/node_modules/puppeteer-core/src/cdp/ExecutionContext.ts:291:12)\n    at IsolatedWorld.evaluate (file:///C:/Users/drmwe/claude-workspace/MealPlan/FitnessMealPlanner/node_modules/puppeteer-core/src/cdp/IsolatedWorld.ts:196:12)\n    at CdpFrame.evaluate (file:///C:/Users/drmwe/claude-workspace/MealPlan/FitnessMealPlanner/node_modules/puppeteer-core/src/api/Frame.ts:490:12)\n    at CdpPage.evaluate (file:///C:/Users/drmwe/claude-workspace/MealPlan/FitnessMealPlanner/node_modules/puppeteer-core/src/api/Page.ts:2316:12)\n    at C:\\Users\\drmwe\\claude-workspace\\mealplan\\FitnessMealPlanner\\test\\gui\\specs\\customer-invitation-simple.test.ts:36:30\n    at file:///C:/Users/drmwe/claude-workspace/mealplan/FitnessMealPlanner/node_modules/@vitest/runner/dist/chunk-hooks.js:752:20"],"meta":{}},{"ancestorTitles":["Customer Invitation Feature - API Test"],"fullName":"Customer Invitation Feature - API Test should handle duplicate invitation correctly","status":"failed","title":"should handle duplicate invitation correctly","duration":1885.4795,"failureMessages":["TypeError: Failed to fetch\n    at evaluate (evaluate at C:\\Users\\drmwe\\claude-workspace\\mealplan\\FitnessMealPlanner\\test\\gui\\specs\\customer-invitation-simple.test.ts:111:41, <anonymous>:1:29)\n    at ExecutionContext.#evaluate (file:///C:/Users/drmwe/claude-workspace/MealPlan/FitnessMealPlanner/node_modules/puppeteer-core/src/cdp/ExecutionContext.ts:452:13)\n    at ExecutionContext.evaluate (file:///C:/Users/drmwe/claude-workspace/MealPlan/FitnessMealPlanner/node_modules/puppeteer-core/src/cdp/ExecutionContext.ts:291:12)\n    at IsolatedWorld.evaluate (file:///C:/Users/drmwe/claude-workspace/MealPlan/FitnessMealPlanner/node_modules/puppeteer-core/src/cdp/IsolatedWorld.ts:196:12)\n    at CdpFrame.evaluate (file:///C:/Users/drmwe/claude-workspace/MealPlan/FitnessMealPlanner/node_modules/puppeteer-core/src/api/Frame.ts:490:12)\n    at CdpPage.evaluate (file:///C:/Users/drmwe/claude-workspace/MealPlan/FitnessMealPlanner/node_modules/puppeteer-core/src/api/Page.ts:2316:12)\n    at C:\\Users\\drmwe\\claude-workspace\\mealplan\\FitnessMealPlanner\\test\\gui\\specs\\customer-invitation-simple.test.ts:151:30\n    at file:///C:/Users/drmwe/claude-workspace/mealplan/FitnessMealPlanner/node_modules/@vitest/runner/dist/chunk-hooks.js:752:20"],"meta":{}},{"ancestorTitles":["Customer Invitation Feature - API Test"],"fullName":"Customer Invitation Feature - API Test should require authentication for invitation endpoints","status":"failed","title":"should require authentication for invitation endpoints","duration":2167.9847,"failureMessages":["TypeError: Failed to fetch\n    at evaluate (evaluate at C:\\Users\\drmwe\\claude-workspace\\mealplan\\FitnessMealPlanner\\test\\gui\\specs\\customer-invitation-simple.test.ts:151:45, <anonymous>:1:29)\n    at ExecutionContext.#evaluate (file:///C:/Users/drmwe/claude-workspace/MealPlan/FitnessMealPlanner/node_modules/puppeteer-core/src/cdp/ExecutionContext.ts:452:13)\n    at ExecutionContext.evaluate (file:///C:/Users/drmwe/claude-workspace/MealPlan/FitnessMealPlanner/node_modules/puppeteer-core/src/cdp/ExecutionContext.ts:291:12)\n    at IsolatedWorld.evaluate (file:///C:/Users/drmwe/claude-workspace/MealPlan/FitnessMealPlanner/node_modules/puppeteer-core/src/cdp/IsolatedWorld.ts:196:12)\n    at CdpFrame.evaluate (file:///C:/Users/drmwe/claude-workspace/MealPlan/FitnessMealPlanner/node_modules/puppeteer-core/src/api/Frame.ts:490:12)\n    at CdpPage.evaluate (file:///C:/Users/drmwe/claude-workspace/MealPlan/FitnessMealPlanner/node_modules/puppeteer-core/src/api/Page.ts:2316:12)\n    at C:\\Users\\drmwe\\claude-workspace\\mealplan\\FitnessMealPlanner\\test\\gui\\specs\\customer-invitation-simple.test.ts:202:34\n    at file:///C:/Users/drmwe/claude-workspace/mealplan/FitnessMealPlanner/node_modules/@vitest/runner/dist/chunk-hooks.js:752:20"],"meta":{}}],"startTime":1753671749732,"endTime":1753671755548.9846,"status":"failed","message":"","name":"C:/Users/drmwe/claude-workspace/mealplan/FitnessMealPlanner/test/gui/specs/customer-invitation-simple.test.ts"}]}