{"numTotalTestSuites":26,"numPassedTestSuites":12,"numFailedTestSuites":14,"numPendingTestSuites":0,"numTotalTests":37,"numPassedTests":0,"numFailedTests":7,"numPendingTests":30,"numTodoTests":0,"snapshot":{"added":0,"failure":false,"filesAdded":0,"filesRemoved":0,"filesRemovedList":[],"filesUnmatched":0,"filesUpdated":0,"matched":0,"total":0,"unchecked":0,"uncheckedKeysByFile":[],"unmatched":0,"updated":0,"didUpdate":false},"startTime":1754523878786,"success":false,"testResults":[{"assertionResults":[{"ancestorTitles":["Authentication Tests","Login Page"],"fullName":"Authentication Tests Login Page should display login form correctly","status":"skipped","title":"should display login form correctly","failureMessages":[],"meta":{}},{"ancestorTitles":["Authentication Tests","Login Page"],"fullName":"Authentication Tests Login Page should show validation errors for empty fields","status":"skipped","title":"should show validation errors for empty fields","failureMessages":[],"meta":{}},{"ancestorTitles":["Authentication Tests","Login Page"],"fullName":"Authentication Tests Login Page should show error for invalid credentials","status":"skipped","title":"should show error for invalid credentials","failureMessages":[],"meta":{}},{"ancestorTitles":["Authentication Tests","Login Page"],"fullName":"Authentication Tests Login Page should successfully login with valid credentials","status":"skipped","title":"should successfully login with valid credentials","failureMessages":[],"meta":{}},{"ancestorTitles":["Authentication Tests","User Registration"],"fullName":"Authentication Tests User Registration should display registration form","status":"skipped","title":"should display registration form","failureMessages":[],"meta":{}},{"ancestorTitles":["Authentication Tests","User Registration"],"fullName":"Authentication Tests User Registration should validate password requirements","status":"skipped","title":"should validate password requirements","failureMessages":[],"meta":{}},{"ancestorTitles":["Authentication Tests","Logout"],"fullName":"Authentication Tests Logout should successfully logout","status":"skipped","title":"should successfully logout","failureMessages":[],"meta":{}},{"ancestorTitles":["Authentication Tests","Protected Routes"],"fullName":"Authentication Tests Protected Routes should redirect unauthenticated users to login","status":"skipped","title":"should redirect unauthenticated users to login","failureMessages":[],"meta":{}},{"ancestorTitles":["Authentication Tests","Protected Routes"],"fullName":"Authentication Tests Protected Routes should allow authenticated users to access protected routes","status":"skipped","title":"should allow authenticated users to access protected routes","failureMessages":[],"meta":{}}],"startTime":1754523878786,"endTime":1754523878786,"status":"failed","message":"","name":"C:/Users/drmwe/claude-workspace/MealPlan/FitnessMealPlanner/test/gui/specs/auth.test.ts"},{"assertionResults":[{"ancestorTitles":["Customer Invitation Feature - API Test"],"fullName":"Customer Invitation Feature - API Test should verify invitation API endpoints are working (regression test)","status":"failed","title":"should verify invitation API endpoints are working (regression test)","duration":355.33900000000017,"failureMessages":["Error: Failed to launch the browser process! undefined\n[0806/194440.634:ERROR:base\\i18n\\icu_util.cc:224] Invalid file descriptor to ICU data received.\n\n\nTROUBLESHOOTING: https://pptr.dev/troubleshooting\n\n    at ChildProcess.onClose (file:///C:/Users/drmwe/claude-workspace/MealPlan/FitnessMealPlanner/node_modules/@puppeteer/browsers/src/launch.ts:507:11)\n    at ChildProcess.emit (node:events:530:35)\n    at Process.ChildProcess._handle.onexit (node:internal/child_process:293:12)","TypeError: Cannot read properties of undefined (reading 'close')\n    at C:\\Users\\drmwe\\claude-workspace\\MealPlan\\FitnessMealPlanner\\test\\gui\\specs\\customer-invitation-simple.test.ts:20:19\n    at file:///C:/Users/drmwe/claude-workspace/MealPlan/FitnessMealPlanner/node_modules/@vitest/runner/dist/chunk-hooks.js:155:11\n    at file:///C:/Users/drmwe/claude-workspace/MealPlan/FitnessMealPlanner/node_modules/@vitest/runner/dist/chunk-hooks.js:1897:20\n    at new Promise (<anonymous>)\n    at runWithTimeout (file:///C:/Users/drmwe/claude-workspace/MealPlan/FitnessMealPlanner/node_modules/@vitest/runner/dist/chunk-hooks.js:1863:10)\n    at runHook (file:///C:/Users/drmwe/claude-workspace/MealPlan/FitnessMealPlanner/node_modules/@vitest/runner/dist/chunk-hooks.js:1436:51)\n    at callSuiteHook (file:///C:/Users/drmwe/claude-workspace/MealPlan/FitnessMealPlanner/node_modules/@vitest/runner/dist/chunk-hooks.js:1442:25)\n    at runTest (file:///C:/Users/drmwe/claude-workspace/MealPlan/FitnessMealPlanner/node_modules/@vitest/runner/dist/chunk-hooks.js:1597:11)\n    at processTicksAndRejections (node:internal/process/task_queues:105:5)\n    at runSuite (file:///C:/Users/drmwe/claude-workspace/MealPlan/FitnessMealPlanner/node_modules/@vitest/runner/dist/chunk-hooks.js:1729:8)"],"meta":{}},{"ancestorTitles":["Customer Invitation Feature - API Test"],"fullName":"Customer Invitation Feature - API Test should handle duplicate invitation correctly","status":"failed","title":"should handle duplicate invitation correctly","duration":353.1432999999997,"failureMessages":["Error: Failed to launch the browser process! undefined\n[0806/194441.022:ERROR:base\\i18n\\icu_util.cc:224] Invalid file descriptor to ICU data received.\n\n\nTROUBLESHOOTING: https://pptr.dev/troubleshooting\n\n    at ChildProcess.onClose (file:///C:/Users/drmwe/claude-workspace/MealPlan/FitnessMealPlanner/node_modules/@puppeteer/browsers/src/launch.ts:507:11)\n    at ChildProcess.emit (node:events:530:35)\n    at Process.ChildProcess._handle.onexit (node:internal/child_process:293:12)","TypeError: Cannot read properties of undefined (reading 'close')\n    at C:\\Users\\drmwe\\claude-workspace\\MealPlan\\FitnessMealPlanner\\test\\gui\\specs\\customer-invitation-simple.test.ts:20:19\n    at file:///C:/Users/drmwe/claude-workspace/MealPlan/FitnessMealPlanner/node_modules/@vitest/runner/dist/chunk-hooks.js:155:11\n    at file:///C:/Users/drmwe/claude-workspace/MealPlan/FitnessMealPlanner/node_modules/@vitest/runner/dist/chunk-hooks.js:1897:20\n    at new Promise (<anonymous>)\n    at runWithTimeout (file:///C:/Users/drmwe/claude-workspace/MealPlan/FitnessMealPlanner/node_modules/@vitest/runner/dist/chunk-hooks.js:1863:10)\n    at runHook (file:///C:/Users/drmwe/claude-workspace/MealPlan/FitnessMealPlanner/node_modules/@vitest/runner/dist/chunk-hooks.js:1436:51)\n    at callSuiteHook (file:///C:/Users/drmwe/claude-workspace/MealPlan/FitnessMealPlanner/node_modules/@vitest/runner/dist/chunk-hooks.js:1442:25)\n    at runTest (file:///C:/Users/drmwe/claude-workspace/MealPlan/FitnessMealPlanner/node_modules/@vitest/runner/dist/chunk-hooks.js:1597:11)\n    at processTicksAndRejections (node:internal/process/task_queues:105:5)\n    at runSuite (file:///C:/Users/drmwe/claude-workspace/MealPlan/FitnessMealPlanner/node_modules/@vitest/runner/dist/chunk-hooks.js:1729:8)"],"meta":{}},{"ancestorTitles":["Customer Invitation Feature - API Test"],"fullName":"Customer Invitation Feature - API Test should require authentication for invitation endpoints","status":"failed","title":"should require authentication for invitation endpoints","duration":222.89849999999979,"failureMessages":["Error: Failed to launch the browser process! undefined\n[0806/194441.311:ERROR:base\\i18n\\icu_util.cc:224] Invalid file descriptor to ICU data received.\n\n\nTROUBLESHOOTING: https://pptr.dev/troubleshooting\n\n    at ChildProcess.onClose (file:///C:/Users/drmwe/claude-workspace/MealPlan/FitnessMealPlanner/node_modules/@puppeteer/browsers/src/launch.ts:507:11)\n    at ChildProcess.emit (node:events:530:35)\n    at Process.ChildProcess._handle.onexit (node:internal/child_process:293:12)","TypeError: Cannot read properties of undefined (reading 'close')\n    at C:\\Users\\drmwe\\claude-workspace\\MealPlan\\FitnessMealPlanner\\test\\gui\\specs\\customer-invitation-simple.test.ts:20:19\n    at file:///C:/Users/drmwe/claude-workspace/MealPlan/FitnessMealPlanner/node_modules/@vitest/runner/dist/chunk-hooks.js:155:11\n    at file:///C:/Users/drmwe/claude-workspace/MealPlan/FitnessMealPlanner/node_modules/@vitest/runner/dist/chunk-hooks.js:1897:20\n    at new Promise (<anonymous>)\n    at runWithTimeout (file:///C:/Users/drmwe/claude-workspace/MealPlan/FitnessMealPlanner/node_modules/@vitest/runner/dist/chunk-hooks.js:1863:10)\n    at runHook (file:///C:/Users/drmwe/claude-workspace/MealPlan/FitnessMealPlanner/node_modules/@vitest/runner/dist/chunk-hooks.js:1436:51)\n    at callSuiteHook (file:///C:/Users/drmwe/claude-workspace/MealPlan/FitnessMealPlanner/node_modules/@vitest/runner/dist/chunk-hooks.js:1442:25)\n    at runTest (file:///C:/Users/drmwe/claude-workspace/MealPlan/FitnessMealPlanner/node_modules/@vitest/runner/dist/chunk-hooks.js:1597:11)\n    at processTicksAndRejections (node:internal/process/task_queues:105:5)\n    at runSuite (file:///C:/Users/drmwe/claude-workspace/MealPlan/FitnessMealPlanner/node_modules/@vitest/runner/dist/chunk-hooks.js:1729:8)"],"meta":{}}],"startTime":1754523880479,"endTime":1754523881410.8984,"status":"failed","message":"","name":"C:/Users/drmwe/claude-workspace/MealPlan/FitnessMealPlanner/test/gui/specs/customer-invitation-simple.test.ts"},{"assertionResults":[{"ancestorTitles":["Customer Invitation Feature","Complete Invitation Flow"],"fullName":"Customer Invitation Feature Complete Invitation Flow should allow trainer to send customer invitation and display success","status":"failed","title":"should allow trainer to send customer invitation and display success","duration":328.2537,"failureMessages":["Error: Failed to launch the browser process! undefined\n[0806/194440.586:ERROR:base\\i18n\\icu_util.cc:224] Invalid file descriptor to ICU data received.\n\n\nTROUBLESHOOTING: https://pptr.dev/troubleshooting\n\n    at ChildProcess.onClose (file:///C:/Users/drmwe/claude-workspace/MealPlan/FitnessMealPlanner/node_modules/@puppeteer/browsers/src/launch.ts:507:11)\n    at ChildProcess.emit (node:events:530:35)\n    at Process.ChildProcess._handle.onexit (node:internal/child_process:293:12)","TypeError: Cannot read properties of undefined (reading 'close')\n    at C:\\Users\\drmwe\\claude-workspace\\MealPlan\\FitnessMealPlanner\\test\\gui\\specs\\customer-invitation.test.ts:45:19\n    at file:///C:/Users/drmwe/claude-workspace/MealPlan/FitnessMealPlanner/node_modules/@vitest/runner/dist/chunk-hooks.js:155:11\n    at file:///C:/Users/drmwe/claude-workspace/MealPlan/FitnessMealPlanner/node_modules/@vitest/runner/dist/chunk-hooks.js:1897:20\n    at new Promise (<anonymous>)\n    at runWithTimeout (file:///C:/Users/drmwe/claude-workspace/MealPlan/FitnessMealPlanner/node_modules/@vitest/runner/dist/chunk-hooks.js:1863:10)\n    at runHook (file:///C:/Users/drmwe/claude-workspace/MealPlan/FitnessMealPlanner/node_modules/@vitest/runner/dist/chunk-hooks.js:1436:51)\n    at callSuiteHook (file:///C:/Users/drmwe/claude-workspace/MealPlan/FitnessMealPlanner/node_modules/@vitest/runner/dist/chunk-hooks.js:1442:25)\n    at callSuiteHook (file:///C:/Users/drmwe/claude-workspace/MealPlan/FitnessMealPlanner/node_modules/@vitest/runner/dist/chunk-hooks.js:1449:27)\n    at runTest (file:///C:/Users/drmwe/claude-workspace/MealPlan/FitnessMealPlanner/node_modules/@vitest/runner/dist/chunk-hooks.js:1597:11)\n    at processTicksAndRejections (node:internal/process/task_queues:105:5)"],"meta":{}},{"ancestorTitles":["Customer Invitation Feature","Complete Invitation Flow"],"fullName":"Customer Invitation Feature Complete Invitation Flow should handle invitation form validation errors","status":"failed","title":"should handle invitation form validation errors","duration":386.4447,"failureMessages":["Error: Failed to launch the browser process! undefined\n[0806/194440.986:ERROR:base\\i18n\\icu_util.cc:224] Invalid file descriptor to ICU data received.\n\n\nTROUBLESHOOTING: https://pptr.dev/troubleshooting\n\n    at ChildProcess.onClose (file:///C:/Users/drmwe/claude-workspace/MealPlan/FitnessMealPlanner/node_modules/@puppeteer/browsers/src/launch.ts:507:11)\n    at ChildProcess.emit (node:events:530:35)\n    at Process.ChildProcess._handle.onexit (node:internal/child_process:293:12)","TypeError: Cannot read properties of undefined (reading 'close')\n    at C:\\Users\\drmwe\\claude-workspace\\MealPlan\\FitnessMealPlanner\\test\\gui\\specs\\customer-invitation.test.ts:45:19\n    at file:///C:/Users/drmwe/claude-workspace/MealPlan/FitnessMealPlanner/node_modules/@vitest/runner/dist/chunk-hooks.js:155:11\n    at file:///C:/Users/drmwe/claude-workspace/MealPlan/FitnessMealPlanner/node_modules/@vitest/runner/dist/chunk-hooks.js:1897:20\n    at new Promise (<anonymous>)\n    at runWithTimeout (file:///C:/Users/drmwe/claude-workspace/MealPlan/FitnessMealPlanner/node_modules/@vitest/runner/dist/chunk-hooks.js:1863:10)\n    at runHook (file:///C:/Users/drmwe/claude-workspace/MealPlan/FitnessMealPlanner/node_modules/@vitest/runner/dist/chunk-hooks.js:1436:51)\n    at callSuiteHook (file:///C:/Users/drmwe/claude-workspace/MealPlan/FitnessMealPlanner/node_modules/@vitest/runner/dist/chunk-hooks.js:1442:25)\n    at callSuiteHook (file:///C:/Users/drmwe/claude-workspace/MealPlan/FitnessMealPlanner/node_modules/@vitest/runner/dist/chunk-hooks.js:1449:27)\n    at runTest (file:///C:/Users/drmwe/claude-workspace/MealPlan/FitnessMealPlanner/node_modules/@vitest/runner/dist/chunk-hooks.js:1597:11)\n    at processTicksAndRejections (node:internal/process/task_queues:105:5)"],"meta":{}},{"ancestorTitles":["Customer Invitation Feature","Complete Invitation Flow"],"fullName":"Customer Invitation Feature Complete Invitation Flow should handle duplicate invitation attempts","status":"failed","title":"should handle duplicate invitation attempts","duration":242.91850000000022,"failureMessages":["Error: Failed to launch the browser process! undefined\n[0806/194441.287:ERROR:base\\i18n\\icu_util.cc:224] Invalid file descriptor to ICU data received.\n\n\nTROUBLESHOOTING: https://pptr.dev/troubleshooting\n\n    at ChildProcess.onClose (file:///C:/Users/drmwe/claude-workspace/MealPlan/FitnessMealPlanner/node_modules/@puppeteer/browsers/src/launch.ts:507:11)\n    at ChildProcess.emit (node:events:530:35)\n    at Process.ChildProcess._handle.onexit (node:internal/child_process:293:12)","TypeError: Cannot read properties of undefined (reading 'close')\n    at C:\\Users\\drmwe\\claude-workspace\\MealPlan\\FitnessMealPlanner\\test\\gui\\specs\\customer-invitation.test.ts:45:19\n    at file:///C:/Users/drmwe/claude-workspace/MealPlan/FitnessMealPlanner/node_modules/@vitest/runner/dist/chunk-hooks.js:155:11\n    at file:///C:/Users/drmwe/claude-workspace/MealPlan/FitnessMealPlanner/node_modules/@vitest/runner/dist/chunk-hooks.js:1897:20\n    at new Promise (<anonymous>)\n    at runWithTimeout (file:///C:/Users/drmwe/claude-workspace/MealPlan/FitnessMealPlanner/node_modules/@vitest/runner/dist/chunk-hooks.js:1863:10)\n    at runHook (file:///C:/Users/drmwe/claude-workspace/MealPlan/FitnessMealPlanner/node_modules/@vitest/runner/dist/chunk-hooks.js:1436:51)\n    at callSuiteHook (file:///C:/Users/drmwe/claude-workspace/MealPlan/FitnessMealPlanner/node_modules/@vitest/runner/dist/chunk-hooks.js:1442:25)\n    at callSuiteHook (file:///C:/Users/drmwe/claude-workspace/MealPlan/FitnessMealPlanner/node_modules/@vitest/runner/dist/chunk-hooks.js:1449:27)\n    at runTest (file:///C:/Users/drmwe/claude-workspace/MealPlan/FitnessMealPlanner/node_modules/@vitest/runner/dist/chunk-hooks.js:1597:11)\n    at processTicksAndRejections (node:internal/process/task_queues:105:5)"],"meta":{}},{"ancestorTitles":["Customer Invitation Feature","Visual Regression Tests"],"fullName":"Customer Invitation Feature Visual Regression Tests should match invitation modal appearance","status":"failed","title":"should match invitation modal appearance","duration":189.77819999999974,"failureMessages":["Error: Failed to launch the browser process! undefined\n[0806/194441.480:ERROR:base\\i18n\\icu_util.cc:224] Invalid file descriptor to ICU data received.\n\n\nTROUBLESHOOTING: https://pptr.dev/troubleshooting\n\n    at ChildProcess.onClose (file:///C:/Users/drmwe/claude-workspace/MealPlan/FitnessMealPlanner/node_modules/@puppeteer/browsers/src/launch.ts:507:11)\n    at ChildProcess.emit (node:events:530:35)\n    at Process.ChildProcess._handle.onexit (node:internal/child_process:293:12)","TypeError: Cannot read properties of undefined (reading 'close')\n    at C:\\Users\\drmwe\\claude-workspace\\MealPlan\\FitnessMealPlanner\\test\\gui\\specs\\customer-invitation.test.ts:45:19\n    at file:///C:/Users/drmwe/claude-workspace/MealPlan/FitnessMealPlanner/node_modules/@vitest/runner/dist/chunk-hooks.js:155:11\n    at file:///C:/Users/drmwe/claude-workspace/MealPlan/FitnessMealPlanner/node_modules/@vitest/runner/dist/chunk-hooks.js:1897:20\n    at new Promise (<anonymous>)\n    at runWithTimeout (file:///C:/Users/drmwe/claude-workspace/MealPlan/FitnessMealPlanner/node_modules/@vitest/runner/dist/chunk-hooks.js:1863:10)\n    at runHook (file:///C:/Users/drmwe/claude-workspace/MealPlan/FitnessMealPlanner/node_modules/@vitest/runner/dist/chunk-hooks.js:1436:51)\n    at callSuiteHook (file:///C:/Users/drmwe/claude-workspace/MealPlan/FitnessMealPlanner/node_modules/@vitest/runner/dist/chunk-hooks.js:1442:25)\n    at callSuiteHook (file:///C:/Users/drmwe/claude-workspace/MealPlan/FitnessMealPlanner/node_modules/@vitest/runner/dist/chunk-hooks.js:1449:27)\n    at runTest (file:///C:/Users/drmwe/claude-workspace/MealPlan/FitnessMealPlanner/node_modules/@vitest/runner/dist/chunk-hooks.js:1597:11)\n    at processTicksAndRejections (node:internal/process/task_queues:105:5)"],"meta":{}}],"startTime":1754523880434,"endTime":1754523881581.7783,"status":"failed","message":"","name":"C:/Users/drmwe/claude-workspace/MealPlan/FitnessMealPlanner/test/gui/specs/customer-invitation.test.ts"},{"assertionResults":[{"ancestorTitles":["Generate Plan Button Investigation"],"fullName":"Generate Plan Button Investigation should complete comprehensive generate plan button investigation","status":"skipped","title":"should complete comprehensive generate plan button investigation","failureMessages":[],"meta":{}}],"startTime":1754523878786,"endTime":1754523878786,"status":"failed","message":"","name":"C:/Users/drmwe/claude-workspace/MealPlan/FitnessMealPlanner/test/gui/specs/generate-plan-investigation.test.ts"},{"assertionResults":[{"ancestorTitles":["Meal Plan Generation Tests","Meal Plan Generator Interface"],"fullName":"Meal Plan Generation Tests Meal Plan Generator Interface should display meal plan generator form","status":"skipped","title":"should display meal plan generator form","failureMessages":[],"meta":{}},{"ancestorTitles":["Meal Plan Generation Tests","Meal Plan Generator Interface"],"fullName":"Meal Plan Generation Tests Meal Plan Generator Interface should validate required fields","status":"skipped","title":"should validate required fields","failureMessages":[],"meta":{}},{"ancestorTitles":["Meal Plan Generation Tests","Meal Plan Generator Interface"],"fullName":"Meal Plan Generation Tests Meal Plan Generator Interface should show advanced options","status":"skipped","title":"should show advanced options","failureMessages":[],"meta":{}},{"ancestorTitles":["Meal Plan Generation Tests","Meal Plan Generation Process"],"fullName":"Meal Plan Generation Tests Meal Plan Generation Process should generate a basic meal plan","status":"skipped","title":"should generate a basic meal plan","failureMessages":[],"meta":{}},{"ancestorTitles":["Meal Plan Generation Tests","Meal Plan Generation Process"],"fullName":"Meal Plan Generation Tests Meal Plan Generation Process should generate meal plan with dietary restrictions","status":"skipped","title":"should generate meal plan with dietary restrictions","failureMessages":[],"meta":{}},{"ancestorTitles":["Meal Plan Generation Tests","Meal Plan Generation Process"],"fullName":"Meal Plan Generation Tests Meal Plan Generation Process should handle natural language input","status":"skipped","title":"should handle natural language input","failureMessages":[],"meta":{}},{"ancestorTitles":["Meal Plan Generation Tests","Meal Plan Display and Actions"],"fullName":"Meal Plan Generation Tests Meal Plan Display and Actions should display meal plan details correctly","status":"skipped","title":"should display meal plan details correctly","failureMessages":[],"meta":{}},{"ancestorTitles":["Meal Plan Generation Tests","Meal Plan Display and Actions"],"fullName":"Meal Plan Generation Tests Meal Plan Display and Actions should allow PDF export","status":"skipped","title":"should allow PDF export","failureMessages":[],"meta":{}},{"ancestorTitles":["Meal Plan Generation Tests","Meal Plan Display and Actions"],"fullName":"Meal Plan Generation Tests Meal Plan Display and Actions should allow meal plan assignment to customers","status":"skipped","title":"should allow meal plan assignment to customers","failureMessages":[],"meta":{}},{"ancestorTitles":["Meal Plan Generation Tests","Responsive Design"],"fullName":"Meal Plan Generation Tests Responsive Design should work on mobile viewport","status":"skipped","title":"should work on mobile viewport","failureMessages":[],"meta":{}},{"ancestorTitles":["Meal Plan Generation Tests","Responsive Design"],"fullName":"Meal Plan Generation Tests Responsive Design should work on tablet viewport","status":"skipped","title":"should work on tablet viewport","failureMessages":[],"meta":{}}],"startTime":1754523878786,"endTime":1754523878786,"status":"failed","message":"","name":"C:/Users/drmwe/claude-workspace/MealPlan/FitnessMealPlanner/test/gui/specs/meal-plan-generation.test.ts"},{"assertionResults":[{"ancestorTitles":["Recipe Management Tests","Recipe Generation"],"fullName":"Recipe Management Tests Recipe Generation should display recipe generation interface","status":"skipped","title":"should display recipe generation interface","failureMessages":[],"meta":{}},{"ancestorTitles":["Recipe Management Tests","Recipe Generation"],"fullName":"Recipe Management Tests Recipe Generation should generate recipes with basic parameters","status":"skipped","title":"should generate recipes with basic parameters","failureMessages":[],"meta":{}},{"ancestorTitles":["Recipe Management Tests","Recipe Generation"],"fullName":"Recipe Management Tests Recipe Generation should validate generation parameters","status":"skipped","title":"should validate generation parameters","failureMessages":[],"meta":{}},{"ancestorTitles":["Recipe Management Tests","Recipe List"],"fullName":"Recipe Management Tests Recipe List should display recipe list","status":"skipped","title":"should display recipe list","failureMessages":[],"meta":{}},{"ancestorTitles":["Recipe Management Tests","Recipe List"],"fullName":"Recipe Management Tests Recipe List should allow recipe filtering","status":"skipped","title":"should allow recipe filtering","failureMessages":[],"meta":{}},{"ancestorTitles":["Recipe Management Tests","Recipe List"],"fullName":"Recipe Management Tests Recipe List should allow recipe approval/disapproval","status":"skipped","title":"should allow recipe approval/disapproval","failureMessages":[],"meta":{}},{"ancestorTitles":["Recipe Management Tests","Recipe Details"],"fullName":"Recipe Management Tests Recipe Details should display recipe details modal","status":"skipped","title":"should display recipe details modal","failureMessages":[],"meta":{}},{"ancestorTitles":["Recipe Management Tests","Bulk Operations"],"fullName":"Recipe Management Tests Bulk Operations should allow bulk approval of recipes","status":"skipped","title":"should allow bulk approval of recipes","failureMessages":[],"meta":{}},{"ancestorTitles":["Recipe Management Tests","Bulk Operations"],"fullName":"Recipe Management Tests Bulk Operations should allow bulk deletion of recipes","status":"skipped","title":"should allow bulk deletion of recipes","failureMessages":[],"meta":{}}],"startTime":1754523878786,"endTime":1754523878786,"status":"failed","message":"","name":"C:/Users/drmwe/claude-workspace/MealPlan/FitnessMealPlanner/test/gui/specs/recipe-management.test.ts"}]}